<?xml version="1.0" encoding="UTF-8"?>
<testsuite name="TestSuite" time="15.366" tests="6" errors="0" skipped="0" failures="5">
  <properties>
[...]
</properties>
  <testcase name="loginAsBankManager" classname="com.jungah.testautomation.selenium.datadirven.testcases.BankManagerLoginTest" time="3.596"/>
  <testcase name="addCustomerTest" classname="com.jungah.testautomation.selenium.datadirven.testcases.AddCustomerTest" time="0.98">
    <failure message="Cannot find elements when the selector is null" type="java.lang.IllegalArgumentException"><![CDATA[java.lang.IllegalArgumentException: Cannot find elements when the selector is null
	at org.openqa.selenium.By$ByCssSelector.<init>(By.java:422)
	at org.openqa.selenium.By.cssSelector(By.java:116)
	at com.jungah.testautomation.selenium.datadirven.base.TestBase.click(TestBase.java:116)
	at com.jungah.testautomation.selenium.datadirven.testcases.AddCustomerTest.addCustomerTest(AddCustomerTest.java:23)
]]></failure>
    <system-out><![CDATA[sheetName: addCustomerTest
rows: 5
cols: 4
=======locator  addCustBtn_CSS
========OR.getProperty  button[ng-click='addCust()']
=======locator  addbtn_CSS
========OR.getProperty  null
DEBUG   15577   [freemark] (): Couldn't find template in cache for "Extent.ftl"("en_CA", UTF-8, parsed); will try to load it.
DEBUG   15577   [freemark] (): TemplateLoader.findTemplateSource("Extent_en_CA.ftl"): Not found
DEBUG   15577   [freemark] (): TemplateLoader.findTemplateSource("Extent_en.ftl"): Not found
DEBUG   15577   [freemark] (): TemplateLoader.findTemplateSource("Extent.ftl"): Found
DEBUG   15577   [freemark] (): Loading template for "Extent.ftl"("en_CA", UTF-8, parsed) from "jar:file:/C:/Users/grace/.m2/repository/com/relevantcodes/extentreports/2.41.2/extentreports-2.41.2.jar!/com/relevantcodes/extentreports/view/Extent.ftl"
]]></system-out>
  </testcase>
  <testcase name="addCustomerTest" classname="com.jungah.testautomation.selenium.datadirven.testcases.AddCustomerTest" time="0.52">
    <failure message="Cannot find elements when the selector is null" type="java.lang.IllegalArgumentException"><![CDATA[java.lang.IllegalArgumentException: Cannot find elements when the selector is null
	at org.openqa.selenium.By$ByCssSelector.<init>(By.java:422)
	at org.openqa.selenium.By.cssSelector(By.java:116)
	at com.jungah.testautomation.selenium.datadirven.base.TestBase.click(TestBase.java:116)
	at com.jungah.testautomation.selenium.datadirven.testcases.AddCustomerTest.addCustomerTest(AddCustomerTest.java:23)
]]></failure>
    <system-out><![CDATA[=======locator  addCustBtn_CSS
========OR.getProperty  button[ng-click='addCust()']
=======locator  addbtn_CSS
========OR.getProperty  null
DEBUG   15577   [freemark] (): Couldn't find template in cache for "Extent.ftl"("en_CA", UTF-8, parsed); will try to load it.
DEBUG   15577   [freemark] (): TemplateLoader.findTemplateSource("Extent_en_CA.ftl"): Not found
DEBUG   15577   [freemark] (): TemplateLoader.findTemplateSource("Extent_en.ftl"): Not found
DEBUG   15577   [freemark] (): TemplateLoader.findTemplateSource("Extent.ftl"): Found
DEBUG   15577   [freemark] (): Loading template for "Extent.ftl"("en_CA", UTF-8, parsed) from "jar:file:/C:/Users/grace/.m2/repository/com/relevantcodes/extentreports/2.41.2/extentreports-2.41.2.jar!/com/relevantcodes/extentreports/view/Extent.ftl"
]]></system-out>
  </testcase>
  <testcase name="addCustomerTest" classname="com.jungah.testautomation.selenium.datadirven.testcases.AddCustomerTest" time="0.506">
    <failure message="Cannot find elements when the selector is null" type="java.lang.IllegalArgumentException"><![CDATA[java.lang.IllegalArgumentException: Cannot find elements when the selector is null
	at org.openqa.selenium.By$ByCssSelector.<init>(By.java:422)
	at org.openqa.selenium.By.cssSelector(By.java:116)
	at com.jungah.testautomation.selenium.datadirven.base.TestBase.click(TestBase.java:116)
	at com.jungah.testautomation.selenium.datadirven.testcases.AddCustomerTest.addCustomerTest(AddCustomerTest.java:23)
]]></failure>
    <system-out><![CDATA[=======locator  addCustBtn_CSS
========OR.getProperty  button[ng-click='addCust()']
=======locator  addbtn_CSS
========OR.getProperty  null
DEBUG   15577   [freemark] (): Couldn't find template in cache for "Extent.ftl"("en_CA", UTF-8, parsed); will try to load it.
DEBUG   15577   [freemark] (): TemplateLoader.findTemplateSource("Extent_en_CA.ftl"): Not found
DEBUG   15577   [freemark] (): TemplateLoader.findTemplateSource("Extent_en.ftl"): Not found
DEBUG   15577   [freemark] (): TemplateLoader.findTemplateSource("Extent.ftl"): Found
DEBUG   15577   [freemark] (): Loading template for "Extent.ftl"("en_CA", UTF-8, parsed) from "jar:file:/C:/Users/grace/.m2/repository/com/relevantcodes/extentreports/2.41.2/extentreports-2.41.2.jar!/com/relevantcodes/extentreports/view/Extent.ftl"
]]></system-out>
  </testcase>
  <testcase name="addCustomerTest" classname="com.jungah.testautomation.selenium.datadirven.testcases.AddCustomerTest" time="0.531">
    <failure message="Cannot find elements when the selector is null" type="java.lang.IllegalArgumentException"><![CDATA[java.lang.IllegalArgumentException: Cannot find elements when the selector is null
	at org.openqa.selenium.By$ByCssSelector.<init>(By.java:422)
	at org.openqa.selenium.By.cssSelector(By.java:116)
	at com.jungah.testautomation.selenium.datadirven.base.TestBase.click(TestBase.java:116)
	at com.jungah.testautomation.selenium.datadirven.testcases.AddCustomerTest.addCustomerTest(AddCustomerTest.java:23)
]]></failure>
    <system-out><![CDATA[=======locator  addCustBtn_CSS
========OR.getProperty  button[ng-click='addCust()']
=======locator  addbtn_CSS
========OR.getProperty  null
DEBUG   15577   [freemark] (): Couldn't find template in cache for "Extent.ftl"("en_CA", UTF-8, parsed); will try to load it.
DEBUG   15577   [freemark] (): TemplateLoader.findTemplateSource("Extent_en_CA.ftl"): Not found
DEBUG   15577   [freemark] (): TemplateLoader.findTemplateSource("Extent_en.ftl"): Not found
DEBUG   15577   [freemark] (): TemplateLoader.findTemplateSource("Extent.ftl"): Found
DEBUG   15577   [freemark] (): Loading template for "Extent.ftl"("en_CA", UTF-8, parsed) from "jar:file:/C:/Users/grace/.m2/repository/com/relevantcodes/extentreports/2.41.2/extentreports-2.41.2.jar!/com/relevantcodes/extentreports/view/Extent.ftl"
]]></system-out>
  </testcase>
  <testcase name="openAccountTest" classname="com.jungah.testautomation.selenium.datadirven.testcases.OpenAccountTest" time="10.79">
    <failure message="Cannot locate element with text: grace&#10;For documentation on this error, please visit: https://www.seleniumhq.org/exceptions/no_such_element.html&#10;Build info: version: &apos;3.141.59&apos;, revision: &apos;e82be7d358&apos;, time: &apos;2018-11-14T08:17:03&apos;&#10;System info: host: &apos;LAPTOP-UFGMCPV8&apos;, ip: &apos;192.168.0.107&apos;, os.name: &apos;Windows 10&apos;, os.arch: &apos;amd64&apos;, os.version: &apos;10.0&apos;, java.version: &apos;1.8.0_162&apos;&#10;Driver info: driver.version: unknown" type="org.openqa.selenium.NoSuchElementException">org.openqa.selenium.NoSuchElementException: Cannot locate element with text: grace
For documentation on this error, please visit: https://www.seleniumhq.org/exceptions/no_such_element.html
Build info: version: '3.141.59', revision: 'e82be7d358', time: '2018-11-14T08:17:03'
System info: host: 'LAPTOP-UFGMCPV8', ip: '192.168.0.107', os.name: 'Windows 10', os.arch: 'amd64', os.version: '10.0', java.version: '1.8.0_162'
Driver info: driver.version: unknown
	at org.openqa.selenium.support.ui.Select.selectByVisibleText(Select.java:147)
	at com.jungah.testautomation.selenium.datadirven.base.TestBase.select(TestBase.java:154)
	at com.jungah.testautomation.selenium.datadirven.testcases.OpenAccountTest.openAccountTest(OpenAccountTest.java:22)
</failure>
    <system-out><![CDATA[sheetName: openAccountTest
rows: 2
cols: 2
=======locator  openaccount_CSS
========OR.getProperty  button[ng-class='btnClass2']
DEBUG   15577   [freemark] (): Couldn't find template in cache for "Extent.ftl"("en_CA", UTF-8, parsed); will try to load it.
DEBUG   15577   [freemark] (): TemplateLoader.findTemplateSource("Extent_en_CA.ftl"): Not found
DEBUG   15577   [freemark] (): TemplateLoader.findTemplateSource("Extent_en.ftl"): Not found
DEBUG   15577   [freemark] (): TemplateLoader.findTemplateSource("Extent.ftl"): Found
DEBUG   15577   [freemark] (): Loading template for "Extent.ftl"("en_CA", UTF-8, parsed) from "jar:file:/C:/Users/grace/.m2/repository/com/relevantcodes/extentreports/2.41.2/extentreports-2.41.2.jar!/com/relevantcodes/extentreports/view/Extent.ftl"
]]></system-out>
  </testcase>
</testsuite>