<?xml version="1.0" encoding="UTF-8"?>
<!-- Generated by org.testng.reporters.JUnitXMLReporter -->
<testsuite hostname="LAPTOP-UFGMCPV8" ignored="0" name="Add Customer Test" tests="4" failures="0" timestamp="13 May 2019 04:09:02 GMT" time="21.438" errors="0">
  <testcase name="addCustomerTest" time="5.61" classname="com.jungah.testautomation.selenium.datadirven.testcases.AddCustomerTest"/>
  <testcase name="addCustomerTest" time="5.227" classname="com.jungah.testautomation.selenium.datadirven.testcases.AddCustomerTest"/>
  <testcase name="addCustomerTest" time="5.216" classname="com.jungah.testautomation.selenium.datadirven.testcases.AddCustomerTest"/>
  <testcase name="addCustomerTest" time="5.215" classname="com.jungah.testautomation.selenium.datadirven.testcases.AddCustomerTest"/>
</testsuite> <!-- Add Customer Test -->
