<?xml version="1.0" encoding="UTF-8"?>
<testsuite name="Add Customer Test"
           tests="4"
           failures="0"
           errors="0"
           skipped="0"
           time="21.268">
  <properties />
  
  
            <testcase name="addCustomerTest" time="5.227" classname="com.jungah.testautomation.selenium.datadirven.testcases.AddCustomerTest" />
                <testcase name="addCustomerTest" time="5.216" classname="com.jungah.testautomation.selenium.datadirven.testcases.AddCustomerTest" />
                <testcase name="addCustomerTest" time="5.610" classname="com.jungah.testautomation.selenium.datadirven.testcases.AddCustomerTest" />
                <testcase name="addCustomerTest" time="5.215" classname="com.jungah.testautomation.selenium.datadirven.testcases.AddCustomerTest" />
      
</testsuite>
