<?xml version="1.0" encoding="UTF-8"?>
<testng-results skipped="0" failed="0" ignored="0" total="6" passed="6">
  <reporter-output>
    <line>
      <![CDATA[<br>Verification failure : expected [abc] but found [xyz]<br>]]>
    </line>
    <line>
      <![CDATA[<a target="_blank"href="+TestUtil.screenshotName+"><img src="+TestUtil.screenshotName+" width="80%" height="80%"></img></a>]]>
    </line>
    <line>
      <![CDATA[<br>]]>
    </line>
    <line>
      <![CDATA[<br>]]>
    </line>
    <line>
      <![CDATA[Login successfully executed]]>
    </line>
    <line>
      <![CDATA[<a target="_blank"href="file:///C:\Project\screenshot\error.jpg">Screenshot</a>]]>
    </line>
    <line>
      <![CDATA[<br>]]>
    </line>
    <line>
      <![CDATA[<a target="_blank"href="file:///C:\Project\screenshot\error.jpg"><img src="file:///C:\Project\screenshot\error.jpg" width="80%" height="80%"></img></a>]]>
    </line>
  </reporter-output>
  <suite name="Data Driven Basics" duration-ms="26304" started-at="2019-05-13T04:08:36Z" finished-at="2019-05-13T04:09:03Z">
    <groups>
    </groups>
    <test name="Bank Manager Login Test" duration-ms="3940" started-at="2019-05-13T04:08:36Z" finished-at="2019-05-13T04:08:40Z">
      <class name="com.jungah.testautomation.selenium.datadirven.testcases.BankManagerLoginTest">
        <test-method status="PASS" signature="loginAsBankManager()[pri:0, instance:com.jungah.testautomation.selenium.datadirven.testcases.BankManagerLoginTest@7f132176]" name="loginAsBankManager" duration-ms="3698" started-at="2019-05-13T04:08:36Z" finished-at="2019-05-13T04:08:40Z">
          <reporter-output>
            <line>
              <![CDATA[<br>Verification failure : expected [abc] but found [xyz]<br>]]>
            </line>
            <line>
              <![CDATA[<a target="_blank"href="+TestUtil.screenshotName+"><img src="+TestUtil.screenshotName+" width="80%" height="80%"></img></a>]]>
            </line>
            <line>
              <![CDATA[<br>]]>
            </line>
            <line>
              <![CDATA[<br>]]>
            </line>
            <line>
              <![CDATA[Login successfully executed]]>
            </line>
            <line>
              <![CDATA[<a target="_blank"href="file:///C:\Project\screenshot\error.jpg">Screenshot</a>]]>
            </line>
            <line>
              <![CDATA[<br>]]>
            </line>
            <line>
              <![CDATA[<a target="_blank"href="file:///C:\Project\screenshot\error.jpg"><img src="file:///C:\Project\screenshot\error.jpg" width="80%" height="80%"></img></a>]]>
            </line>
          </reporter-output>
        </test-method> <!-- loginAsBankManager -->
      </class> <!-- com.jungah.testautomation.selenium.datadirven.testcases.BankManagerLoginTest -->
    </test> <!-- Bank Manager Login Test -->
    <test name="Add Customer Test" duration-ms="21438" started-at="2019-05-13T04:08:40Z" finished-at="2019-05-13T04:09:02Z">
      <class name="com.jungah.testautomation.selenium.datadirven.testcases.AddCustomerTest">
        <test-method status="PASS" signature="addCustomerTest(java.lang.String, java.lang.String, java.lang.String, java.lang.String)[pri:0, instance:com.jungah.testautomation.selenium.datadirven.testcases.AddCustomerTest@7ca20101]" name="addCustomerTest" duration-ms="5610" started-at="2019-05-13T04:08:40Z" data-provider="dp" finished-at="2019-05-13T04:08:46Z">
          <params>
            <param index="0">
              <value>
                <![CDATA[grace]]>
              </value>
            </param>
            <param index="1">
              <value>
                <![CDATA[park]]>
              </value>
            </param>
            <param index="2">
              <value>
                <![CDATA[L6M3V7]]>
              </value>
            </param>
            <param index="3">
              <value>
                <![CDATA[Customer added successfully]]>
              </value>
            </param>
          </params>
          <reporter-output>
          </reporter-output>
        </test-method> <!-- addCustomerTest -->
        <test-method status="PASS" signature="addCustomerTest(java.lang.String, java.lang.String, java.lang.String, java.lang.String)[pri:0, instance:com.jungah.testautomation.selenium.datadirven.testcases.AddCustomerTest@7ca20101]" name="addCustomerTest" duration-ms="5227" started-at="2019-05-13T04:08:46Z" data-provider="dp" finished-at="2019-05-13T04:08:51Z">
          <params>
            <param index="0">
              <value>
                <![CDATA[Ethan]]>
              </value>
            </param>
            <param index="1">
              <value>
                <![CDATA[park]]>
              </value>
            </param>
            <param index="2">
              <value>
                <![CDATA[L6M3V7]]>
              </value>
            </param>
            <param index="3">
              <value>
                <![CDATA[Customer added successfully]]>
              </value>
            </param>
          </params>
          <reporter-output>
          </reporter-output>
        </test-method> <!-- addCustomerTest -->
        <test-method status="PASS" signature="addCustomerTest(java.lang.String, java.lang.String, java.lang.String, java.lang.String)[pri:0, instance:com.jungah.testautomation.selenium.datadirven.testcases.AddCustomerTest@7ca20101]" name="addCustomerTest" duration-ms="5216" started-at="2019-05-13T04:08:51Z" data-provider="dp" finished-at="2019-05-13T04:08:56Z">
          <params>
            <param index="0">
              <value>
                <![CDATA[Ashely]]>
              </value>
            </param>
            <param index="1">
              <value>
                <![CDATA[park]]>
              </value>
            </param>
            <param index="2">
              <value>
                <![CDATA[L6M3V7]]>
              </value>
            </param>
            <param index="3">
              <value>
                <![CDATA[Customer added successfully]]>
              </value>
            </param>
          </params>
          <reporter-output>
          </reporter-output>
        </test-method> <!-- addCustomerTest -->
        <test-method status="PASS" signature="addCustomerTest(java.lang.String, java.lang.String, java.lang.String, java.lang.String)[pri:0, instance:com.jungah.testautomation.selenium.datadirven.testcases.AddCustomerTest@7ca20101]" name="addCustomerTest" duration-ms="5215" started-at="2019-05-13T04:08:56Z" data-provider="dp" finished-at="2019-05-13T04:09:02Z">
          <params>
            <param index="0">
              <value>
                <![CDATA[Chloe]]>
              </value>
            </param>
            <param index="1">
              <value>
                <![CDATA[Cha]]>
              </value>
            </param>
            <param index="2">
              <value>
                <![CDATA[L6M3V7]]>
              </value>
            </param>
            <param index="3">
              <value>
                <![CDATA[Customer added successfully]]>
              </value>
            </param>
          </params>
          <reporter-output>
          </reporter-output>
        </test-method> <!-- addCustomerTest -->
      </class> <!-- com.jungah.testautomation.selenium.datadirven.testcases.AddCustomerTest -->
    </test> <!-- Add Customer Test -->
    <test name="Open Account Test" duration-ms="888" started-at="2019-05-13T04:09:02Z" finished-at="2019-05-13T04:09:03Z">
      <class name="com.jungah.testautomation.selenium.datadirven.testcases.OpenAccountTest">
        <test-method status="PASS" signature="setUp()[pri:0, instance:com.jungah.testautomation.selenium.datadirven.testcases.OpenAccountTest@7803bfd]" name="setUp" is-config="true" duration-ms="5633" started-at="2019-05-13T04:08:31Z" finished-at="2019-05-13T04:08:36Z">
          <reporter-output>
          </reporter-output>
        </test-method> <!-- setUp -->
        <test-method status="PASS" signature="openAccountTest(java.lang.String, java.lang.String)[pri:0, instance:com.jungah.testautomation.selenium.datadirven.testcases.OpenAccountTest@7803bfd]" name="openAccountTest" duration-ms="854" started-at="2019-05-13T04:09:02Z" data-provider="dp" finished-at="2019-05-13T04:09:03Z">
          <params>
            <param index="0">
              <value>
                <![CDATA[grace park]]>
              </value>
            </param>
            <param index="1">
              <value>
                <![CDATA[Dollar]]>
              </value>
            </param>
          </params>
          <reporter-output>
          </reporter-output>
        </test-method> <!-- openAccountTest -->
        <test-method status="PASS" signature="tearDownl()[pri:0, instance:com.jungah.testautomation.selenium.datadirven.testcases.OpenAccountTest@7803bfd]" name="tearDownl" is-config="true" duration-ms="618" started-at="2019-05-13T04:09:03Z" finished-at="2019-05-13T04:09:03Z">
          <reporter-output>
          </reporter-output>
        </test-method> <!-- tearDownl -->
      </class> <!-- com.jungah.testautomation.selenium.datadirven.testcases.OpenAccountTest -->
    </test> <!-- Open Account Test -->
  </suite> <!-- Data Driven Basics -->
</testng-results>
